29.05.2024 20-20-29 ERROR Internal Server Error: /posts/ /Users/karinesurmalyan/PycharmProjects/NewsPaper/venv/lib/python3.8/site-packages/django/utils/log.py (<class 'TypeError'>, TypeError("unsupported operand type(s) for -: 'str' and 'int'"), <traceback object at 0x7fa3d3479500>)
Traceback (most recent call last):
  File "/Users/karinesurmalyan/PycharmProjects/NewsPaper/venv/lib/python3.8/site-packages/django/core/handlers/exception.py", line 55, in inner
    response = get_response(request)
  File "/Users/karinesurmalyan/PycharmProjects/NewsPaper/venv/lib/python3.8/site-packages/django/core/handlers/base.py", line 220, in _get_response
    response = response.render()
  File "/Users/karinesurmalyan/PycharmProjects/NewsPaper/venv/lib/python3.8/site-packages/django/template/response.py", line 114, in render
    self.content = self.rendered_content
  File "/Users/karinesurmalyan/PycharmProjects/NewsPaper/venv/lib/python3.8/site-packages/django/template/response.py", line 92, in rendered_content
    return template.render(context, self._request)
  File "/Users/karinesurmalyan/PycharmProjects/NewsPaper/venv/lib/python3.8/site-packages/django/template/backends/django.py", line 61, in render
    return self.template.render(context)
  File "/Users/karinesurmalyan/PycharmProjects/NewsPaper/venv/lib/python3.8/site-packages/django/template/base.py", line 175, in render
    return self._render(context)
  File "/Users/karinesurmalyan/PycharmProjects/NewsPaper/venv/lib/python3.8/site-packages/django/template/base.py", line 167, in _render
    return self.nodelist.render(context)
  File "/Users/karinesurmalyan/PycharmProjects/NewsPaper/venv/lib/python3.8/site-packages/django/template/base.py", line 1005, in render
    return SafeString("".join([node.render_annotated(context) for node in self]))
  File "/Users/karinesurmalyan/PycharmProjects/NewsPaper/venv/lib/python3.8/site-packages/django/template/base.py", line 1005, in <listcomp>
    return SafeString("".join([node.render_annotated(context) for node in self]))
  File "/Users/karinesurmalyan/PycharmProjects/NewsPaper/venv/lib/python3.8/site-packages/django/template/base.py", line 966, in render_annotated
    return self.render(context)
  File "/Users/karinesurmalyan/PycharmProjects/NewsPaper/venv/lib/python3.8/site-packages/django/template/loader_tags.py", line 157, in render
    return compiled_parent._render(context)
  File "/Users/karinesurmalyan/PycharmProjects/NewsPaper/venv/lib/python3.8/site-packages/django/template/base.py", line 167, in _render
    return self.nodelist.render(context)
  File "/Users/karinesurmalyan/PycharmProjects/NewsPaper/venv/lib/python3.8/site-packages/django/template/base.py", line 1005, in render
    return SafeString("".join([node.render_annotated(context) for node in self]))
  File "/Users/karinesurmalyan/PycharmProjects/NewsPaper/venv/lib/python3.8/site-packages/django/template/base.py", line 1005, in <listcomp>
    return SafeString("".join([node.render_annotated(context) for node in self]))
  File "/Users/karinesurmalyan/PycharmProjects/NewsPaper/venv/lib/python3.8/site-packages/django/template/base.py", line 966, in render_annotated
    return self.render(context)
  File "/Users/karinesurmalyan/PycharmProjects/NewsPaper/venv/lib/python3.8/site-packages/django/template/loader_tags.py", line 63, in render
    result = block.nodelist.render(context)
  File "/Users/karinesurmalyan/PycharmProjects/NewsPaper/venv/lib/python3.8/site-packages/django/template/base.py", line 1005, in render
    return SafeString("".join([node.render_annotated(context) for node in self]))
  File "/Users/karinesurmalyan/PycharmProjects/NewsPaper/venv/lib/python3.8/site-packages/django/template/base.py", line 1005, in <listcomp>
    return SafeString("".join([node.render_annotated(context) for node in self]))
  File "/Users/karinesurmalyan/PycharmProjects/NewsPaper/venv/lib/python3.8/site-packages/django/template/base.py", line 966, in render_annotated
    return self.render(context)
  File "/Users/karinesurmalyan/PycharmProjects/NewsPaper/venv/lib/python3.8/site-packages/django/template/defaulttags.py", line 321, in render
    return nodelist.render(context)
  File "/Users/karinesurmalyan/PycharmProjects/NewsPaper/venv/lib/python3.8/site-packages/django/template/base.py", line 1005, in render
    return SafeString("".join([node.render_annotated(context) for node in self]))
  File "/Users/karinesurmalyan/PycharmProjects/NewsPaper/venv/lib/python3.8/site-packages/django/template/base.py", line 1005, in <listcomp>
    return SafeString("".join([node.render_annotated(context) for node in self]))
  File "/Users/karinesurmalyan/PycharmProjects/NewsPaper/venv/lib/python3.8/site-packages/django/template/base.py", line 966, in render_annotated
    return self.render(context)
  File "/Users/karinesurmalyan/PycharmProjects/NewsPaper/venv/lib/python3.8/site-packages/django/template/defaulttags.py", line 238, in render
    nodelist.append(node.render_annotated(context))
  File "/Users/karinesurmalyan/PycharmProjects/NewsPaper/venv/lib/python3.8/site-packages/django/template/base.py", line 966, in render_annotated
    return self.render(context)
  File "/Users/karinesurmalyan/PycharmProjects/NewsPaper/venv/lib/python3.8/site-packages/django/template/base.py", line 1064, in render
    output = self.filter_expression.resolve(context)
  File "/Users/karinesurmalyan/PycharmProjects/NewsPaper/venv/lib/python3.8/site-packages/django/template/base.py", line 742, in resolve
    new_obj = func(obj, *arg_vals)
  File "/Users/karinesurmalyan/PycharmProjects/NewsPaper/NewsPaper/news/templatetags/post_filters.py", line 13, in censor
    word = word.replace(i[1:], '*' * len(i[1:]-1) + i[-1])
TypeError: unsupported operand type(s) for -: 'str' and 'int'
29.05.2024 20-20-29 ERROR "GET /posts/?page=2 HTTP/1.1" 500 199628 /Users/karinesurmalyan/PycharmProjects/NewsPaper/venv/lib/python3.8/site-packages/django/core/servers/basehttp.py None
03.06.2024 20-47-19 ERROR Internal Server Error: /posts/ /Users/karinesurmalyan/PycharmProjects/NewsPaper/venv/lib/python3.8/site-packages/django/utils/log.py (<class 'django.template.exceptions.TemplateSyntaxError'>, TemplateSyntaxError("Could not parse the remainder: ''News' from ''News'"), <traceback object at 0x7fc4e22c9cc0>)
Traceback (most recent call last):
  File "/Users/karinesurmalyan/PycharmProjects/NewsPaper/venv/lib/python3.8/site-packages/django/core/handlers/exception.py", line 55, in inner
    response = get_response(request)
  File "/Users/karinesurmalyan/PycharmProjects/NewsPaper/venv/lib/python3.8/site-packages/django/core/handlers/base.py", line 220, in _get_response
    response = response.render()
  File "/Users/karinesurmalyan/PycharmProjects/NewsPaper/venv/lib/python3.8/site-packages/django/template/response.py", line 114, in render
    self.content = self.rendered_content
  File "/Users/karinesurmalyan/PycharmProjects/NewsPaper/venv/lib/python3.8/site-packages/django/template/response.py", line 90, in rendered_content
    template = self.resolve_template(self.template_name)
  File "/Users/karinesurmalyan/PycharmProjects/NewsPaper/venv/lib/python3.8/site-packages/django/template/response.py", line 72, in resolve_template
    return select_template(template, using=self.using)
  File "/Users/karinesurmalyan/PycharmProjects/NewsPaper/venv/lib/python3.8/site-packages/django/template/loader.py", line 42, in select_template
    return engine.get_template(template_name)
  File "/Users/karinesurmalyan/PycharmProjects/NewsPaper/venv/lib/python3.8/site-packages/django/template/backends/django.py", line 33, in get_template
    return Template(self.engine.get_template(template_name), self)
  File "/Users/karinesurmalyan/PycharmProjects/NewsPaper/venv/lib/python3.8/site-packages/django/template/engine.py", line 175, in get_template
    template, origin = self.find_template(template_name)
  File "/Users/karinesurmalyan/PycharmProjects/NewsPaper/venv/lib/python3.8/site-packages/django/template/engine.py", line 157, in find_template
    template = loader.get_template(name, skip=skip)
  File "/Users/karinesurmalyan/PycharmProjects/NewsPaper/venv/lib/python3.8/site-packages/django/template/loaders/cached.py", line 57, in get_template
    template = super().get_template(template_name, skip)
  File "/Users/karinesurmalyan/PycharmProjects/NewsPaper/venv/lib/python3.8/site-packages/django/template/loaders/base.py", line 28, in get_template
    return Template(
  File "/Users/karinesurmalyan/PycharmProjects/NewsPaper/venv/lib/python3.8/site-packages/django/template/base.py", line 154, in __init__
    self.nodelist = self.compile_nodelist()
  File "/Users/karinesurmalyan/PycharmProjects/NewsPaper/venv/lib/python3.8/site-packages/django/template/base.py", line 200, in compile_nodelist
    return parser.parse()
  File "/Users/karinesurmalyan/PycharmProjects/NewsPaper/venv/lib/python3.8/site-packages/django/template/base.py", line 513, in parse
    raise self.error(token, e)
  File "/Users/karinesurmalyan/PycharmProjects/NewsPaper/venv/lib/python3.8/site-packages/django/template/base.py", line 511, in parse
    compiled_result = compile_func(self, token)
  File "/Users/karinesurmalyan/PycharmProjects/NewsPaper/venv/lib/python3.8/site-packages/django/template/loader_tags.py", line 293, in do_extends
    nodelist = parser.parse()
  File "/Users/karinesurmalyan/PycharmProjects/NewsPaper/venv/lib/python3.8/site-packages/django/template/base.py", line 513, in parse
    raise self.error(token, e)
  File "/Users/karinesurmalyan/PycharmProjects/NewsPaper/venv/lib/python3.8/site-packages/django/template/base.py", line 511, in parse
    compiled_result = compile_func(self, token)
  File "/Users/karinesurmalyan/PycharmProjects/NewsPaper/venv/lib/python3.8/site-packages/django/template/loader_tags.py", line 232, in do_block
    nodelist = parser.parse(("endblock",))
  File "/Users/karinesurmalyan/PycharmProjects/NewsPaper/venv/lib/python3.8/site-packages/django/template/base.py", line 513, in parse
    raise self.error(token, e)
  File "/Users/karinesurmalyan/PycharmProjects/NewsPaper/venv/lib/python3.8/site-packages/django/template/base.py", line 511, in parse
    compiled_result = compile_func(self, token)
  File "/Users/karinesurmalyan/PycharmProjects/NewsPaper/venv/lib/python3.8/site-packages/django/templatetags/i18n.py", line 403, in do_translate
    message_string = parser.compile_filter(bits[1])
  File "/Users/karinesurmalyan/PycharmProjects/NewsPaper/venv/lib/python3.8/site-packages/django/template/base.py", line 600, in compile_filter
    return FilterExpression(token, self)
  File "/Users/karinesurmalyan/PycharmProjects/NewsPaper/venv/lib/python3.8/site-packages/django/template/base.py", line 703, in __init__
    raise TemplateSyntaxError(
django.template.exceptions.TemplateSyntaxError: Could not parse the remainder: ''News' from ''News'
03.06.2024 20-47-19 ERROR "GET /posts/ HTTP/1.1" 500 247147 /Users/karinesurmalyan/PycharmProjects/NewsPaper/venv/lib/python3.8/site-packages/django/core/servers/basehttp.py None
03.06.2024 21-03-55 ERROR Internal Server Error: /posts/ /Users/karinesurmalyan/PycharmProjects/NewsPaper/venv/lib/python3.8/site-packages/django/utils/log.py (<class 'django.template.exceptions.TemplateSyntaxError'>, TemplateSyntaxError('Unknown argument for \'trans\' tag: \'\'"\'. The only options available are \'noop\', \'context\' "xxx", and \'as VAR\'.'), <traceback object at 0x7fc84629e480>)
Traceback (most recent call last):
  File "/Users/karinesurmalyan/PycharmProjects/NewsPaper/venv/lib/python3.8/site-packages/django/core/handlers/exception.py", line 55, in inner
    response = get_response(request)
  File "/Users/karinesurmalyan/PycharmProjects/NewsPaper/venv/lib/python3.8/site-packages/django/core/handlers/base.py", line 220, in _get_response
    response = response.render()
  File "/Users/karinesurmalyan/PycharmProjects/NewsPaper/venv/lib/python3.8/site-packages/django/template/response.py", line 114, in render
    self.content = self.rendered_content
  File "/Users/karinesurmalyan/PycharmProjects/NewsPaper/venv/lib/python3.8/site-packages/django/template/response.py", line 90, in rendered_content
    template = self.resolve_template(self.template_name)
  File "/Users/karinesurmalyan/PycharmProjects/NewsPaper/venv/lib/python3.8/site-packages/django/template/response.py", line 72, in resolve_template
    return select_template(template, using=self.using)
  File "/Users/karinesurmalyan/PycharmProjects/NewsPaper/venv/lib/python3.8/site-packages/django/template/loader.py", line 42, in select_template
    return engine.get_template(template_name)
  File "/Users/karinesurmalyan/PycharmProjects/NewsPaper/venv/lib/python3.8/site-packages/django/template/backends/django.py", line 33, in get_template
    return Template(self.engine.get_template(template_name), self)
  File "/Users/karinesurmalyan/PycharmProjects/NewsPaper/venv/lib/python3.8/site-packages/django/template/engine.py", line 175, in get_template
    template, origin = self.find_template(template_name)
  File "/Users/karinesurmalyan/PycharmProjects/NewsPaper/venv/lib/python3.8/site-packages/django/template/engine.py", line 157, in find_template
    template = loader.get_template(name, skip=skip)
  File "/Users/karinesurmalyan/PycharmProjects/NewsPaper/venv/lib/python3.8/site-packages/django/template/loaders/cached.py", line 57, in get_template
    template = super().get_template(template_name, skip)
  File "/Users/karinesurmalyan/PycharmProjects/NewsPaper/venv/lib/python3.8/site-packages/django/template/loaders/base.py", line 28, in get_template
    return Template(
  File "/Users/karinesurmalyan/PycharmProjects/NewsPaper/venv/lib/python3.8/site-packages/django/template/base.py", line 154, in __init__
    self.nodelist = self.compile_nodelist()
  File "/Users/karinesurmalyan/PycharmProjects/NewsPaper/venv/lib/python3.8/site-packages/django/template/base.py", line 200, in compile_nodelist
    return parser.parse()
  File "/Users/karinesurmalyan/PycharmProjects/NewsPaper/venv/lib/python3.8/site-packages/django/template/base.py", line 513, in parse
    raise self.error(token, e)
  File "/Users/karinesurmalyan/PycharmProjects/NewsPaper/venv/lib/python3.8/site-packages/django/template/base.py", line 511, in parse
    compiled_result = compile_func(self, token)
  File "/Users/karinesurmalyan/PycharmProjects/NewsPaper/venv/lib/python3.8/site-packages/django/template/loader_tags.py", line 293, in do_extends
    nodelist = parser.parse()
  File "/Users/karinesurmalyan/PycharmProjects/NewsPaper/venv/lib/python3.8/site-packages/django/template/base.py", line 513, in parse
    raise self.error(token, e)
  File "/Users/karinesurmalyan/PycharmProjects/NewsPaper/venv/lib/python3.8/site-packages/django/template/base.py", line 511, in parse
    compiled_result = compile_func(self, token)
  File "/Users/karinesurmalyan/PycharmProjects/NewsPaper/venv/lib/python3.8/site-packages/django/template/loader_tags.py", line 232, in do_block
    nodelist = parser.parse(("endblock",))
  File "/Users/karinesurmalyan/PycharmProjects/NewsPaper/venv/lib/python3.8/site-packages/django/template/base.py", line 513, in parse
    raise self.error(token, e)
  File "/Users/karinesurmalyan/PycharmProjects/NewsPaper/venv/lib/python3.8/site-packages/django/template/base.py", line 511, in parse
    compiled_result = compile_func(self, token)
  File "/Users/karinesurmalyan/PycharmProjects/NewsPaper/venv/lib/python3.8/site-packages/django/templatetags/i18n.py", line 443, in do_translate
    raise TemplateSyntaxError(
django.template.exceptions.TemplateSyntaxError: Unknown argument for 'trans' tag: ''"'. The only options available are 'noop', 'context' "xxx", and 'as VAR'.
03.06.2024 21-03-55 ERROR "GET /posts/ HTTP/1.1" 500 232333 /Users/karinesurmalyan/PycharmProjects/NewsPaper/venv/lib/python3.8/site-packages/django/core/servers/basehttp.py None
